<?xml version="1.0" encoding="UTF-8"?>
<testsuite xmlns:xsi="http://www.w3.org/2001/XMLSchema-instance" xsi:noNamespaceSchemaLocation="https://maven.apache.org/surefire/maven-surefire-plugin/xsd/surefire-test-report-3.0.xsd" version="3.0" name="EMPTY_NAME" time="53.221" tests="1" errors="1" skipped="0" failures="0">
  <properties>
    <property name="awt.toolkit" value="sun.lwawt.macosx.LWCToolkit"/>
    <property name="java.specification.version" value="12"/>
    <property name="webdriver.chrome.driver" value="/Users/yesimyc/.m2/repository/webdriver/chromedriver/mac64/80.0.3987.106/chromedriver"/>
    <property name="sun.jnu.encoding" value="UTF-8"/>
    <property name="java.class.path" value="/Users/yesimyc/IdeaProjects/PerFleet/target/test-classes:/Users/yesimyc/IdeaProjects/PerFleet/target/classes:/Users/yesimyc/.m2/repository/io/github/bonigarcia/webdrivermanager/3.7.1/webdrivermanager-3.7.1.jar:/Users/yesimyc/.m2/repository/org/slf4j/slf4j-api/1.7.25/slf4j-api-1.7.25.jar:/Users/yesimyc/.m2/repository/commons-io/commons-io/2.6/commons-io-2.6.jar:/Users/yesimyc/.m2/repository/com/google/code/gson/gson/2.8.5/gson-2.8.5.jar:/Users/yesimyc/.m2/repository/org/apache/commons/commons-lang3/3.8.1/commons-lang3-3.8.1.jar:/Users/yesimyc/.m2/repository/org/apache/httpcomponents/httpclient/4.5.6/httpclient-4.5.6.jar:/Users/yesimyc/.m2/repository/org/apache/httpcomponents/httpcore/4.4.10/httpcore-4.4.10.jar:/Users/yesimyc/.m2/repository/commons-logging/commons-logging/1.2/commons-logging-1.2.jar:/Users/yesimyc/.m2/repository/commons-codec/commons-codec/1.10/commons-codec-1.10.jar:/Users/yesimyc/.m2/repository/org/rauschig/jarchivelib/1.0.0/jarchivelib-1.0.0.jar:/Users/yesimyc/.m2/repository/org/jsoup/jsoup/1.11.3/jsoup-1.11.3.jar:/Users/yesimyc/.m2/repository/org/seleniumhq/selenium/selenium-java/3.141.59/selenium-java-3.141.59.jar:/Users/yesimyc/.m2/repository/org/seleniumhq/selenium/selenium-api/3.141.59/selenium-api-3.141.59.jar:/Users/yesimyc/.m2/repository/org/seleniumhq/selenium/selenium-chrome-driver/3.141.59/selenium-chrome-driver-3.141.59.jar:/Users/yesimyc/.m2/repository/org/seleniumhq/selenium/selenium-edge-driver/3.141.59/selenium-edge-driver-3.141.59.jar:/Users/yesimyc/.m2/repository/org/seleniumhq/selenium/selenium-firefox-driver/3.141.59/selenium-firefox-driver-3.141.59.jar:/Users/yesimyc/.m2/repository/org/seleniumhq/selenium/selenium-ie-driver/3.141.59/selenium-ie-driver-3.141.59.jar:/Users/yesimyc/.m2/repository/org/seleniumhq/selenium/selenium-opera-driver/3.141.59/selenium-opera-driver-3.141.59.jar:/Users/yesimyc/.m2/repository/org/seleniumhq/selenium/selenium-remote-driver/3.141.59/selenium-remote-driver-3.141.59.jar:/Users/yesimyc/.m2/repository/org/seleniumhq/selenium/selenium-safari-driver/3.141.59/selenium-safari-driver-3.141.59.jar:/Users/yesimyc/.m2/repository/org/seleniumhq/selenium/selenium-support/3.141.59/selenium-support-3.141.59.jar:/Users/yesimyc/.m2/repository/net/bytebuddy/byte-buddy/1.8.15/byte-buddy-1.8.15.jar:/Users/yesimyc/.m2/repository/org/apache/commons/commons-exec/1.3/commons-exec-1.3.jar:/Users/yesimyc/.m2/repository/com/google/guava/guava/25.0-jre/guava-25.0-jre.jar:/Users/yesimyc/.m2/repository/com/google/code/findbugs/jsr305/1.3.9/jsr305-1.3.9.jar:/Users/yesimyc/.m2/repository/org/checkerframework/checker-compat-qual/2.0.0/checker-compat-qual-2.0.0.jar:/Users/yesimyc/.m2/repository/com/google/errorprone/error_prone_annotations/2.1.3/error_prone_annotations-2.1.3.jar:/Users/yesimyc/.m2/repository/com/google/j2objc/j2objc-annotations/1.1/j2objc-annotations-1.1.jar:/Users/yesimyc/.m2/repository/org/codehaus/mojo/animal-sniffer-annotations/1.14/animal-sniffer-annotations-1.14.jar:/Users/yesimyc/.m2/repository/com/squareup/okhttp3/okhttp/3.11.0/okhttp-3.11.0.jar:/Users/yesimyc/.m2/repository/com/squareup/okio/okio/1.14.0/okio-1.14.0.jar:/Users/yesimyc/.m2/repository/org/apache/poi/poi-ooxml/4.0.1/poi-ooxml-4.0.1.jar:/Users/yesimyc/.m2/repository/org/apache/poi/poi/4.0.1/poi-4.0.1.jar:/Users/yesimyc/.m2/repository/org/apache/commons/commons-collections4/4.2/commons-collections4-4.2.jar:/Users/yesimyc/.m2/repository/org/apache/commons/commons-math3/3.6.1/commons-math3-3.6.1.jar:/Users/yesimyc/.m2/repository/org/apache/poi/poi-ooxml-schemas/4.0.1/poi-ooxml-schemas-4.0.1.jar:/Users/yesimyc/.m2/repository/org/apache/xmlbeans/xmlbeans/3.0.2/xmlbeans-3.0.2.jar:/Users/yesimyc/.m2/repository/org/apache/commons/commons-compress/1.18/commons-compress-1.18.jar:/Users/yesimyc/.m2/repository/com/github/virtuald/curvesapi/1.05/curvesapi-1.05.jar:/Users/yesimyc/.m2/repository/io/cucumber/cucumber-java/4.7.4/cucumber-java-4.7.4.jar:/Users/yesimyc/.m2/repository/io/cucumber/cucumber-core/4.7.4/cucumber-core-4.7.4.jar:/Users/yesimyc/.m2/repository/io/cucumber/gherkin/5.1.0/gherkin-5.1.0.jar:/Users/yesimyc/.m2/repository/io/cucumber/tag-expressions/1.1.1/tag-expressions-1.1.1.jar:/Users/yesimyc/.m2/repository/io/cucumber/cucumber-expressions/7.0.2/cucumber-expressions-7.0.2.jar:/Users/yesimyc/.m2/repository/io/cucumber/datatable/1.1.14/datatable-1.1.14.jar:/Users/yesimyc/.m2/repository/io/cucumber/datatable-dependencies/1.1.14/datatable-dependencies-1.1.14.jar:/Users/yesimyc/.m2/repository/org/apiguardian/apiguardian-api/1.1.0/apiguardian-api-1.1.0.jar:/Users/yesimyc/.m2/repository/io/cucumber/cucumber-junit/4.7.4/cucumber-junit-4.7.4.jar:/Users/yesimyc/.m2/repository/junit/junit/4.12/junit-4.12.jar:/Users/yesimyc/.m2/repository/org/hamcrest/hamcrest-core/1.3/hamcrest-core-1.3.jar:/Users/yesimyc/.m2/repository/org/slf4j/slf4j-simple/1.7.21/slf4j-simple-1.7.21.jar:"/>
    <property name="java.vm.vendor" value="Oracle Corporation"/>
    <property name="sun.arch.data.model" value="64"/>
    <property name="java.vendor.url" value="https://java.oracle.com/"/>
    <property name="user.timezone" value="America/Chicago"/>
    <property name="os.name" value="Mac OS X"/>
    <property name="java.vm.specification.version" value="12"/>
    <property name="sun.java.launcher" value="SUN_STANDARD"/>
    <property name="user.country" value="US"/>
    <property name="sun.boot.library.path" value="/Library/Java/JavaVirtualMachines/jdk-12.0.1.jdk/Contents/Home/lib"/>
    <property name="sun.java.command" value="/Users/yesimyc/IdeaProjects/PerFleet/target/surefire/surefirebooter9293379272610398554.jar /Users/yesimyc/IdeaProjects/PerFleet/target/surefire 2020-04-08T02-13-32_318-jvmRun1 surefire7787932711408690694tmp surefire_04975281275040443805tmp"/>
    <property name="http.nonProxyHosts" value="local|*.local|169.254/16|*.169.254/16"/>
    <property name="jdk.debug" value="release"/>
    <property name="surefire.test.class.path" value="/Users/yesimyc/IdeaProjects/PerFleet/target/test-classes:/Users/yesimyc/IdeaProjects/PerFleet/target/classes:/Users/yesimyc/.m2/repository/io/github/bonigarcia/webdrivermanager/3.7.1/webdrivermanager-3.7.1.jar:/Users/yesimyc/.m2/repository/org/slf4j/slf4j-api/1.7.25/slf4j-api-1.7.25.jar:/Users/yesimyc/.m2/repository/commons-io/commons-io/2.6/commons-io-2.6.jar:/Users/yesimyc/.m2/repository/com/google/code/gson/gson/2.8.5/gson-2.8.5.jar:/Users/yesimyc/.m2/repository/org/apache/commons/commons-lang3/3.8.1/commons-lang3-3.8.1.jar:/Users/yesimyc/.m2/repository/org/apache/httpcomponents/httpclient/4.5.6/httpclient-4.5.6.jar:/Users/yesimyc/.m2/repository/org/apache/httpcomponents/httpcore/4.4.10/httpcore-4.4.10.jar:/Users/yesimyc/.m2/repository/commons-logging/commons-logging/1.2/commons-logging-1.2.jar:/Users/yesimyc/.m2/repository/commons-codec/commons-codec/1.10/commons-codec-1.10.jar:/Users/yesimyc/.m2/repository/org/rauschig/jarchivelib/1.0.0/jarchivelib-1.0.0.jar:/Users/yesimyc/.m2/repository/org/jsoup/jsoup/1.11.3/jsoup-1.11.3.jar:/Users/yesimyc/.m2/repository/org/seleniumhq/selenium/selenium-java/3.141.59/selenium-java-3.141.59.jar:/Users/yesimyc/.m2/repository/org/seleniumhq/selenium/selenium-api/3.141.59/selenium-api-3.141.59.jar:/Users/yesimyc/.m2/repository/org/seleniumhq/selenium/selenium-chrome-driver/3.141.59/selenium-chrome-driver-3.141.59.jar:/Users/yesimyc/.m2/repository/org/seleniumhq/selenium/selenium-edge-driver/3.141.59/selenium-edge-driver-3.141.59.jar:/Users/yesimyc/.m2/repository/org/seleniumhq/selenium/selenium-firefox-driver/3.141.59/selenium-firefox-driver-3.141.59.jar:/Users/yesimyc/.m2/repository/org/seleniumhq/selenium/selenium-ie-driver/3.141.59/selenium-ie-driver-3.141.59.jar:/Users/yesimyc/.m2/repository/org/seleniumhq/selenium/selenium-opera-driver/3.141.59/selenium-opera-driver-3.141.59.jar:/Users/yesimyc/.m2/repository/org/seleniumhq/selenium/selenium-remote-driver/3.141.59/selenium-remote-driver-3.141.59.jar:/Users/yesimyc/.m2/repository/org/seleniumhq/selenium/selenium-safari-driver/3.141.59/selenium-safari-driver-3.141.59.jar:/Users/yesimyc/.m2/repository/org/seleniumhq/selenium/selenium-support/3.141.59/selenium-support-3.141.59.jar:/Users/yesimyc/.m2/repository/net/bytebuddy/byte-buddy/1.8.15/byte-buddy-1.8.15.jar:/Users/yesimyc/.m2/repository/org/apache/commons/commons-exec/1.3/commons-exec-1.3.jar:/Users/yesimyc/.m2/repository/com/google/guava/guava/25.0-jre/guava-25.0-jre.jar:/Users/yesimyc/.m2/repository/com/google/code/findbugs/jsr305/1.3.9/jsr305-1.3.9.jar:/Users/yesimyc/.m2/repository/org/checkerframework/checker-compat-qual/2.0.0/checker-compat-qual-2.0.0.jar:/Users/yesimyc/.m2/repository/com/google/errorprone/error_prone_annotations/2.1.3/error_prone_annotations-2.1.3.jar:/Users/yesimyc/.m2/repository/com/google/j2objc/j2objc-annotations/1.1/j2objc-annotations-1.1.jar:/Users/yesimyc/.m2/repository/org/codehaus/mojo/animal-sniffer-annotations/1.14/animal-sniffer-annotations-1.14.jar:/Users/yesimyc/.m2/repository/com/squareup/okhttp3/okhttp/3.11.0/okhttp-3.11.0.jar:/Users/yesimyc/.m2/repository/com/squareup/okio/okio/1.14.0/okio-1.14.0.jar:/Users/yesimyc/.m2/repository/org/apache/poi/poi-ooxml/4.0.1/poi-ooxml-4.0.1.jar:/Users/yesimyc/.m2/repository/org/apache/poi/poi/4.0.1/poi-4.0.1.jar:/Users/yesimyc/.m2/repository/org/apache/commons/commons-collections4/4.2/commons-collections4-4.2.jar:/Users/yesimyc/.m2/repository/org/apache/commons/commons-math3/3.6.1/commons-math3-3.6.1.jar:/Users/yesimyc/.m2/repository/org/apache/poi/poi-ooxml-schemas/4.0.1/poi-ooxml-schemas-4.0.1.jar:/Users/yesimyc/.m2/repository/org/apache/xmlbeans/xmlbeans/3.0.2/xmlbeans-3.0.2.jar:/Users/yesimyc/.m2/repository/org/apache/commons/commons-compress/1.18/commons-compress-1.18.jar:/Users/yesimyc/.m2/repository/com/github/virtuald/curvesapi/1.05/curvesapi-1.05.jar:/Users/yesimyc/.m2/repository/io/cucumber/cucumber-java/4.7.4/cucumber-java-4.7.4.jar:/Users/yesimyc/.m2/repository/io/cucumber/cucumber-core/4.7.4/cucumber-core-4.7.4.jar:/Users/yesimyc/.m2/repository/io/cucumber/gherkin/5.1.0/gherkin-5.1.0.jar:/Users/yesimyc/.m2/repository/io/cucumber/tag-expressions/1.1.1/tag-expressions-1.1.1.jar:/Users/yesimyc/.m2/repository/io/cucumber/cucumber-expressions/7.0.2/cucumber-expressions-7.0.2.jar:/Users/yesimyc/.m2/repository/io/cucumber/datatable/1.1.14/datatable-1.1.14.jar:/Users/yesimyc/.m2/repository/io/cucumber/datatable-dependencies/1.1.14/datatable-dependencies-1.1.14.jar:/Users/yesimyc/.m2/repository/org/apiguardian/apiguardian-api/1.1.0/apiguardian-api-1.1.0.jar:/Users/yesimyc/.m2/repository/io/cucumber/cucumber-junit/4.7.4/cucumber-junit-4.7.4.jar:/Users/yesimyc/.m2/repository/junit/junit/4.12/junit-4.12.jar:/Users/yesimyc/.m2/repository/org/hamcrest/hamcrest-core/1.3/hamcrest-core-1.3.jar:/Users/yesimyc/.m2/repository/org/slf4j/slf4j-simple/1.7.21/slf4j-simple-1.7.21.jar:"/>
    <property name="sun.cpu.endian" value="little"/>
    <property name="user.home" value="/Users/yesimyc"/>
    <property name="user.language" value="en"/>
    <property name="java.specification.vendor" value="Oracle Corporation"/>
    <property name="java.version.date" value="2019-04-16"/>
    <property name="java.home" value="/Library/Java/JavaVirtualMachines/jdk-12.0.1.jdk/Contents/Home"/>
    <property name="file.separator" value="/"/>
    <property name="basedir" value="/Users/yesimyc/IdeaProjects/PerFleet"/>
    <property name="java.vm.compressedOopsMode" value="Zero based"/>
    <property name="line.separator" value="&#10;"/>
    <property name="java.specification.name" value="Java Platform API Specification"/>
    <property name="java.vm.specification.vendor" value="Oracle Corporation"/>
    <property name="java.awt.graphicsenv" value="sun.awt.CGraphicsEnvironment"/>
    <property name="surefire.real.class.path" value="/Users/yesimyc/IdeaProjects/PerFleet/target/surefire/surefirebooter9293379272610398554.jar"/>
    <property name="sun.management.compiler" value="HotSpot 64-Bit Tiered Compilers"/>
    <property name="ftp.nonProxyHosts" value="local|*.local|169.254/16|*.169.254/16"/>
    <property name="java.runtime.version" value="12.0.1+12"/>
    <property name="user.name" value="yesimyc"/>
    <property name="path.separator" value=":"/>
    <property name="os.version" value="10.14.6"/>
    <property name="java.runtime.name" value="Java(TM) SE Runtime Environment"/>
    <property name="file.encoding" value="UTF-8"/>
    <property name="java.vm.name" value="Java HotSpot(TM) 64-Bit Server VM"/>
    <property name="localRepository" value="/Users/yesimyc/.m2/repository"/>
    <property name="java.vendor.url.bug" value="https://bugreport.java.com/bugreport/"/>
    <property name="java.io.tmpdir" value="/var/folders/y3/r0h4y5m509q9376qv1ghydzr0000gp/T/"/>
    <property name="java.version" value="12.0.1"/>
    <property name="user.dir" value="/Users/yesimyc/IdeaProjects/PerFleet"/>
    <property name="os.arch" value="x86_64"/>
    <property name="java.vm.specification.name" value="Java Virtual Machine Specification"/>
    <property name="java.library.path" value="/Users/yesimyc/Library/Java/Extensions:/Library/Java/Extensions:/Network/Library/Java/Extensions:/System/Library/Java/Extensions:/usr/lib/java:."/>
    <property name="java.vm.info" value="mixed mode, sharing"/>
    <property name="java.vendor" value="Oracle Corporation"/>
    <property name="java.vm.version" value="12.0.1+12"/>
    <property name="sun.io.unicode.encoding" value="UnicodeBig"/>
    <property name="socksNonProxyHosts" value="local|*.local|169.254/16|*.169.254/16"/>
    <property name="java.class.version" value="56.0"/>
  </properties>
  <testcase name="Create new car" classname="EMPTY_NAME" time="53.221">
    <error message="element click intercepted: Element &lt;a href=&quot;/entity/update/Extend_Entity_Carreservation/item&quot; class=&quot;btn main-group btn-primary pull-right &quot; title=&quot;Create Car&quot;&gt;...&lt;/a&gt; is not clickable at point (1348, 137). Other element would receive the click: &lt;div class=&quot;loader-mask shown&quot;&gt;...&lt;/div&gt;&#10;  (Session info: chrome=80.0.3987.163)&#10;Build info: version: &apos;3.141.59&apos;, revision: &apos;e82be7d358&apos;, time: &apos;2018-11-14T08:17:03&apos;&#10;System info: host: &apos;Yesims-Air-3.hsd1.tx.comcast.net&apos;, ip: &apos;2601:2c2:700:6740:0:0:0:bbfa%en0&apos;, os.name: &apos;Mac OS X&apos;, os.arch: &apos;x86_64&apos;, os.version: &apos;10.14.6&apos;, java.version: &apos;12.0.1&apos;&#10;Driver info: org.openqa.selenium.chrome.ChromeDriver&#10;Capabilities {acceptInsecureCerts: false, browserName: chrome, browserVersion: 80.0.3987.163, chrome: {chromedriverVersion: 80.0.3987.106 (f68069574609..., userDataDir: /var/folders/y3/r0h4y5m509q...}, goog:chromeOptions: {debuggerAddress: localhost:53691}, javascriptEnabled: true, networkConnectionEnabled: false, pageLoadStrategy: normal, platform: MAC, platformName: MAC, proxy: Proxy(), setWindowRect: true, strictFileInteractability: false, timeouts: {implicit: 0, pageLoad: 300000, script: 30000}, unhandledPromptBehavior: dismiss and notify}&#10;Session ID: 5d03ff9a3fc6544161183e178ff5588e" type="org.openqa.selenium.ElementClickInterceptedException"><![CDATA[org.openqa.selenium.ElementClickInterceptedException: 
element click intercepted: Element <a href="/entity/update/Extend_Entity_Carreservation/item" class="btn main-group btn-primary pull-right " title="Create Car">...</a> is not clickable at point (1348, 137). Other element would receive the click: <div class="loader-mask shown">...</div>
  (Session info: chrome=80.0.3987.163)
Build info: version: '3.141.59', revision: 'e82be7d358', time: '2018-11-14T08:17:03'
System info: host: 'Yesims-Air-3.hsd1.tx.comcast.net', ip: '2601:2c2:700:6740:0:0:0:bbfa%en0', os.name: 'Mac OS X', os.arch: 'x86_64', os.version: '10.14.6', java.version: '12.0.1'
Driver info: org.openqa.selenium.chrome.ChromeDriver
Capabilities {acceptInsecureCerts: false, browserName: chrome, browserVersion: 80.0.3987.163, chrome: {chromedriverVersion: 80.0.3987.106 (f68069574609..., userDataDir: /var/folders/y3/r0h4y5m509q...}, goog:chromeOptions: {debuggerAddress: localhost:53691}, javascriptEnabled: true, networkConnectionEnabled: false, pageLoadStrategy: normal, platform: MAC, platformName: MAC, proxy: Proxy(), setWindowRect: true, strictFileInteractability: false, timeouts: {implicit: 0, pageLoad: 300000, script: 30000}, unhandledPromptBehavior: dismiss and notify}
Session ID: 5d03ff9a3fc6544161183e178ff5588e
]]></error>
    <system-out><![CDATA[##############################
Test setup!
TRYING TO CREATE DRIVER
User is on the login page
Login as store manager
Test failed!
##############################
]]></system-out>
    <system-err><![CDATA[[pool-1-thread-1] INFO io.github.bonigarcia.wdm.WebDriverManager - Using chromedriver 80.0.3987.106 (since Google Chrome 80 is installed in your machine)
[pool-1-thread-1] INFO io.github.bonigarcia.wdm.WebDriverManager - Exporting webdriver.chrome.driver as /Users/yesimyc/.m2/repository/webdriver/chromedriver/mac64/80.0.3987.106/chromedriver
Starting ChromeDriver 80.0.3987.106 (f68069574609230cf9b635cd784cfb1bf81bb53a-refs/branch-heads/3987@{#882}) on port 35018
Only local connections are allowed.
Please protect ports used by ChromeDriver and related test frameworks to prevent access by malicious code.
Apr 08, 2020 2:15:11 AM org.openqa.selenium.remote.ProtocolHandshake createSession
INFO: Detected dialect: W3C
[1586330112.383][SEVERE]: Timed out receiving message from renderer: 0.100
[1586330112.484][SEVERE]: Timed out receiving message from renderer: 0.100
[1586330112.587][SEVERE]: Timed out receiving message from renderer: 0.100
[1586330112.689][SEVERE]: Timed out receiving message from renderer: 0.100
[1586330112.791][SEVERE]: Timed out receiving message from renderer: 0.100
[1586330112.979][SEVERE]: Timed out receiving message from renderer: 0.100
[1586330113.080][SEVERE]: Timed out receiving message from renderer: 0.100
[1586330113.183][SEVERE]: Timed out receiving message from renderer: 0.100
[1586330113.286][SEVERE]: Timed out receiving message from renderer: 0.100
[1586330113.387][SEVERE]: Timed out receiving message from renderer: 0.100
[1586330113.489][SEVERE]: Timed out receiving message from renderer: 0.100
[1586330113.593][SEVERE]: Timed out receiving message from renderer: 0.100
[1586330113.694][SEVERE]: Timed out receiving message from renderer: 0.100
[1586330115.668][SEVERE]: Timed out receiving message from renderer: 0.100
[1586330115.772][SEVERE]: Timed out receiving message from renderer: 0.100
[1586330115.875][SEVERE]: Timed out receiving message from renderer: 0.100
[1586330115.978][SEVERE]: Timed out receiving message from renderer: 0.100
[1586330116.080][SEVERE]: Timed out receiving message from renderer: 0.100
[1586330116.182][SEVERE]: Timed out receiving message from renderer: 0.100
[1586330116.287][SEVERE]: Timed out receiving message from renderer: 0.100
[1586330116.388][SEVERE]: Timed out receiving message from renderer: 0.100
[1586330116.490][SEVERE]: Timed out receiving message from renderer: 0.100
[1586330116.593][SEVERE]: Timed out receiving message from renderer: 0.100
[1586330116.696][SEVERE]: Timed out receiving message from renderer: 0.100
[1586330116.863][SEVERE]: Timed out receiving message from renderer: 0.100
[1586330116.966][SEVERE]: Timed out receiving message from renderer: 0.100
[1586330117.070][SEVERE]: Timed out receiving message from renderer: 0.100
[1586330117.359][SEVERE]: Timed out receiving message from renderer: 0.100
[1586330117.557][SEVERE]: Timed out receiving message from renderer: 0.100
[1586330117.660][SEVERE]: Timed out receiving message from renderer: 0.100
[1586330117.762][SEVERE]: Timed out receiving message from renderer: 0.100
[1586330117.865][SEVERE]: Timed out receiving message from renderer: 0.100
[1586330118.144][SEVERE]: Timed out receiving message from renderer: 0.100
[1586330118.246][SEVERE]: Timed out receiving message from renderer: 0.100
[1586330118.440][SEVERE]: Timed out receiving message from renderer: 0.100
[1586330118.626][SEVERE]: Timed out receiving message from renderer: 0.100
[1586330118.728][SEVERE]: Timed out receiving message from renderer: 0.100
[1586330118.829][SEVERE]: Timed out receiving message from renderer: 0.100
[1586330118.962][SEVERE]: Timed out receiving message from renderer: 0.100
[1586330119.071][SEVERE]: Timed out receiving message from renderer: 0.100
[1586330119.176][SEVERE]: Timed out receiving message from renderer: 0.100
[1586330119.392][SEVERE]: Timed out receiving message from renderer: 0.100
[1586330119.529][SEVERE]: Timed out receiving message from renderer: 0.100
[1586330119.632][SEVERE]: Timed out receiving message from renderer: 0.100
[1586330119.882][SEVERE]: Timed out receiving message from renderer: 0.100
[1586330119.984][SEVERE]: Timed out receiving message from renderer: 0.100
[1586330120.087][SEVERE]: Timed out receiving message from renderer: 0.100
[1586330120.189][SEVERE]: Timed out receiving message from renderer: 0.100
[1586330120.464][SEVERE]: Timed out receiving message from renderer: 0.100
[1586330120.566][SEVERE]: Timed out receiving message from renderer: 0.100
[1586330120.774][SEVERE]: Timed out receiving message from renderer: 0.100
[1586330120.888][SEVERE]: Timed out receiving message from renderer: 0.100
[1586330120.991][SEVERE]: Timed out receiving message from renderer: 0.100
[1586330121.094][SEVERE]: Timed out receiving message from renderer: 0.100
[1586330121.197][SEVERE]: Timed out receiving message from renderer: 0.100
[1586330121.302][SEVERE]: Timed out receiving message from renderer: 0.100
[1586330121.467][SEVERE]: Timed out receiving message from renderer: 0.100
[1586330121.570][SEVERE]: Timed out receiving message from renderer: 0.100
[1586330121.672][SEVERE]: Timed out receiving message from renderer: 0.100
[1586330121.776][SEVERE]: Timed out receiving message from renderer: 0.100
[1586330121.879][SEVERE]: Timed out receiving message from renderer: 0.100
[1586330121.984][SEVERE]: Timed out receiving message from renderer: 0.100
[1586330122.086][SEVERE]: Timed out receiving message from renderer: 0.100
[1586330122.188][SEVERE]: Timed out receiving message from renderer: 0.100
[1586330122.291][SEVERE]: Timed out receiving message from renderer: 0.100
[1586330122.392][SEVERE]: Timed out receiving message from renderer: 0.100
[1586330122.493][SEVERE]: Timed out receiving message from renderer: 0.100
[1586330122.595][SEVERE]: Timed out receiving message from renderer: 0.100
[1586330122.705][SEVERE]: Timed out receiving message from renderer: 0.100
[1586330122.829][SEVERE]: Timed out receiving message from renderer: 0.100
[1586330122.933][SEVERE]: Timed out receiving message from renderer: 0.100
[1586330123.037][SEVERE]: Timed out receiving message from renderer: 0.100
[1586330123.139][SEVERE]: Timed out receiving message from renderer: 0.100
[1586330123.242][SEVERE]: Timed out receiving message from renderer: 0.100
[1586330123.344][SEVERE]: Timed out receiving message from renderer: 0.100
[1586330123.447][SEVERE]: Timed out receiving message from renderer: 0.100
[1586330123.551][SEVERE]: Timed out receiving message from renderer: 0.100
[1586330123.655][SEVERE]: Timed out receiving message from renderer: 0.100
[1586330123.762][SEVERE]: Timed out receiving message from renderer: 0.100
[1586330123.865][SEVERE]: Timed out receiving message from renderer: 0.100
[1586330123.967][SEVERE]: Timed out receiving message from renderer: 0.100
[1586330124.069][SEVERE]: Timed out receiving message from renderer: 0.100
[1586330124.172][SEVERE]: Timed out receiving message from renderer: 0.100
[1586330124.274][SEVERE]: Timed out receiving message from renderer: 0.100
[1586330124.376][SEVERE]: Timed out receiving message from renderer: 0.100
[1586330124.479][SEVERE]: Timed out receiving message from renderer: 0.100
[1586330124.581][SEVERE]: Timed out receiving message from renderer: 0.100
[1586330124.827][SEVERE]: Timed out receiving message from renderer: 0.100
[1586330124.930][SEVERE]: Timed out receiving message from renderer: 0.100
[1586330125.032][SEVERE]: Timed out receiving message from renderer: 0.100
[1586330125.134][SEVERE]: Timed out receiving message from renderer: 0.100
[1586330125.237][SEVERE]: Timed out receiving message from renderer: 0.100
[1586330125.339][SEVERE]: Timed out receiving message from renderer: 0.100
[1586330125.440][SEVERE]: Timed out receiving message from renderer: 0.100
[1586330125.711][SEVERE]: Timed out receiving message from renderer: 0.100
[1586330125.826][SEVERE]: Timed out receiving message from renderer: 0.100
[1586330125.928][SEVERE]: Timed out receiving message from renderer: 0.100
[1586330126.032][SEVERE]: Timed out receiving message from renderer: 0.100
[1586330126.295][SEVERE]: Timed out receiving message from renderer: 0.100
[1586330126.403][SEVERE]: Timed out receiving message from renderer: 0.100
[1586330126.506][SEVERE]: Timed out receiving message from renderer: 0.100
[1586330126.672][SEVERE]: Timed out receiving message from renderer: 0.100
[1586330126.774][SEVERE]: Timed out receiving message from renderer: 0.100
[1586330126.876][SEVERE]: Timed out receiving message from renderer: 0.100
[1586330126.979][SEVERE]: Timed out receiving message from renderer: 0.100
[1586330127.081][SEVERE]: Timed out receiving message from renderer: 0.100
[1586330127.183][SEVERE]: Timed out receiving message from renderer: 0.100
[1586330127.285][SEVERE]: Timed out receiving message from renderer: 0.100
[1586330127.445][SEVERE]: Timed out receiving message from renderer: 0.100
[1586330127.585][SEVERE]: Timed out receiving message from renderer: 0.100
[1586330127.687][SEVERE]: Timed out receiving message from renderer: 0.100
[1586330127.790][SEVERE]: Timed out receiving message from renderer: 0.100
[1586330127.893][SEVERE]: Timed out receiving message from renderer: 0.100
[1586330128.120][SEVERE]: Timed out receiving message from renderer: 0.100
[1586330128.529][SEVERE]: Timed out receiving message from renderer: 0.100
[1586330128.633][SEVERE]: Timed out receiving message from renderer: 0.100
[1586330128.901][SEVERE]: Timed out receiving message from renderer: 0.100
[1586330129.091][SEVERE]: Timed out receiving message from renderer: 0.100
[1586330129.329][SEVERE]: Timed out receiving message from renderer: 0.100
[1586330129.431][SEVERE]: Timed out receiving message from renderer: 0.100
[1586330129.533][SEVERE]: Timed out receiving message from renderer: 0.100
[1586330129.697][SEVERE]: Timed out receiving message from renderer: 0.100
[1586330130.028][SEVERE]: Timed out receiving message from renderer: 0.100
[1586330130.130][SEVERE]: Timed out receiving message from renderer: 0.100
[1586330130.318][SEVERE]: Timed out receiving message from renderer: 0.100
[1586330130.420][SEVERE]: Timed out receiving message from renderer: 0.100
[1586330130.657][SEVERE]: Timed out receiving message from renderer: 0.100
[1586330130.762][SEVERE]: Timed out receiving message from renderer: 0.100
[1586330130.863][SEVERE]: Timed out receiving message from renderer: 0.100
[1586330130.967][SEVERE]: Timed out receiving message from renderer: 0.100
[1586330131.069][SEVERE]: Timed out receiving message from renderer: 0.100
[1586330131.172][SEVERE]: Timed out receiving message from renderer: 0.100
[1586330131.274][SEVERE]: Timed out receiving message from renderer: 0.100
[1586330131.376][SEVERE]: Timed out receiving message from renderer: 0.100
[1586330131.479][SEVERE]: Timed out receiving message from renderer: 0.100
[1586330131.582][SEVERE]: Timed out receiving message from renderer: 0.100
[1586330131.684][SEVERE]: Timed out receiving message from renderer: 0.100
[1586330131.788][SEVERE]: Timed out receiving message from renderer: 0.100
[1586330131.891][SEVERE]: Timed out receiving message from renderer: 0.100
[1586330131.994][SEVERE]: Timed out receiving message from renderer: 0.100
[1586330132.096][SEVERE]: Timed out receiving message from renderer: 0.100
[1586330132.199][SEVERE]: Timed out receiving message from renderer: 0.100
[1586330132.301][SEVERE]: Timed out receiving message from renderer: 0.100
[1586330132.404][SEVERE]: Timed out receiving message from renderer: 0.100
[1586330132.506][SEVERE]: Timed out receiving message from renderer: 0.100
[1586330132.609][SEVERE]: Timed out receiving message from renderer: 0.100
[1586330132.722][SEVERE]: Timed out receiving message from renderer: 0.100
[1586330132.834][SEVERE]: Timed out receiving message from renderer: 0.100
[1586330132.936][SEVERE]: Timed out receiving message from renderer: 0.100
[1586330133.038][SEVERE]: Timed out receiving message from renderer: 0.100
[1586330133.142][SEVERE]: Timed out receiving message from renderer: 0.100
[1586330133.244][SEVERE]: Timed out receiving message from renderer: 0.100
[1586330133.347][SEVERE]: Timed out receiving message from renderer: 0.100
[1586330133.451][SEVERE]: Timed out receiving message from renderer: 0.100
[1586330133.568][SEVERE]: Timed out receiving message from renderer: 0.100
[1586330133.670][SEVERE]: Timed out receiving message from renderer: 0.100
[1586330133.773][SEVERE]: Timed out receiving message from renderer: 0.100
[1586330133.876][SEVERE]: Timed out receiving message from renderer: 0.100
[1586330133.979][SEVERE]: Timed out receiving message from renderer: 0.100
[1586330134.156][SEVERE]: Timed out receiving message from renderer: 0.100
[1586330134.259][SEVERE]: Timed out receiving message from renderer: 0.100
[1586330134.362][SEVERE]: Timed out receiving message from renderer: 0.100
[1586330134.465][SEVERE]: Timed out receiving message from renderer: 0.100
[1586330134.568][SEVERE]: Timed out receiving message from renderer: 0.100
[1586330134.671][SEVERE]: Timed out receiving message from renderer: 0.100
[1586330134.773][SEVERE]: Timed out receiving message from renderer: 0.100
[1586330134.876][SEVERE]: Timed out receiving message from renderer: 0.100
[1586330134.979][SEVERE]: Timed out receiving message from renderer: 0.100
[1586330135.084][SEVERE]: Timed out receiving message from renderer: 0.100
[1586330135.187][SEVERE]: Timed out receiving message from renderer: 0.100
[1586330135.289][SEVERE]: Timed out receiving message from renderer: 0.100
[1586330135.392][SEVERE]: Timed out receiving message from renderer: 0.100
[1586330135.494][SEVERE]: Timed out receiving message from renderer: 0.100
[1586330135.605][SEVERE]: Timed out receiving message from renderer: 0.100
[1586330135.709][SEVERE]: Timed out receiving message from renderer: 0.100
[1586330135.811][SEVERE]: Timed out receiving message from renderer: 0.100
[1586330135.912][SEVERE]: Timed out receiving message from renderer: 0.100
[1586330136.015][SEVERE]: Timed out receiving message from renderer: 0.100
[1586330136.209][SEVERE]: Timed out receiving message from renderer: 0.100
[1586330136.312][SEVERE]: Timed out receiving message from renderer: 0.100
[1586330136.414][SEVERE]: Timed out receiving message from renderer: 0.100
[1586330136.516][SEVERE]: Timed out receiving message from renderer: 0.100
[1586330136.618][SEVERE]: Timed out receiving message from renderer: 0.100
[1586330136.720][SEVERE]: Timed out receiving message from renderer: 0.100
[1586330136.822][SEVERE]: Timed out receiving message from renderer: 0.100
[1586330136.924][SEVERE]: Timed out receiving message from renderer: 0.100
[1586330137.095][SEVERE]: Timed out receiving message from renderer: 0.100
[1586330137.198][SEVERE]: Timed out receiving message from renderer: 0.100
[1586330137.300][SEVERE]: Timed out receiving message from renderer: 0.100
[1586330137.401][SEVERE]: Timed out receiving message from renderer: 0.100
]]></system-err>
  </testcase>
</testsuite>